[0916/225019.931:ERROR:process_reader_win.cc(123)] NtOpenThread: {Отказ доступа} Процесс запросил доступ к объекту, однако права доступа не предоставлены. (0xc0000022)
[0916/225019.994:ERROR:exception_snapshot_win.cc(99)] thread ID 9112 not found in process
[0916/225020.038:ERROR:process_info.cc(329)] VirtualQueryEx: Отказано в доступе. (0x5)
[0916/225020.038:ERROR:process_info.cc(556)] ReadMemoryInfo failed
[0916/225020.038:ERROR:scoped_process_suspend.cc(40)] NtResumeProcess: Попытка доступа к процессу, выполняющему процедуру завершения. (0xc000010a)
[0916/225019.931:ERROR:process_reader_win.cc(123)] NtOpenThread: {Отказ доступа} Процесс запросил доступ к объекту, однако права доступа не предоставлены. (0xc0000022)
[0916/225020.093:ERROR:exception_snapshot_win.cc(99)] thread ID 8560 not found in process
[0916/225020.093:ERROR:scoped_process_suspend.cc(40)] NtResumeProcess: Попытка доступа к процессу, выполняющему процедуру завершения. (0xc000010a)
[0916/230652.639:ERROR:scoped_process_suspend.cc(31)] NtSuspendProcess: Попытка доступа к процессу, выполняющему процедуру завершения. (0xc000010a)
[0916/230652.650:ERROR:process_info.cc(118)] ReadProcessMemory bool __cdecl crashpad::(anonymous namespace)::ReadStruct(HANDLE, crashpad::WinVMAddress, T *) [T = crashpad::process_types::PEB<crashpad::process_types::internal::Traits64>]: Запрос ReadProcessMemory или WriteProcessMemory был выполнен только частично. (0x12B)
[0916/230652.650:ERROR:process_info.cc(551)] ReadProcessData failed
[0916/230652.639:ERROR:process_reader_win.cc(123)] NtOpenThread: {Отказ доступа} Процесс запросил доступ к объекту, однако права доступа не предоставлены. (0xc0000022)
[0916/230652.650:ERROR:exception_snapshot_win.cc(99)] thread ID 2920 not found in process
[0916/230652.650:ERROR:scoped_process_suspend.cc(40)] NtResumeProcess: Попытка доступа к процессу, выполняющему процедуру завершения. (0xc000010a)
[0916/230652.649:ERROR:scoped_process_suspend.cc(31)] NtSuspendProcess: Попытка доступа к процессу, выполняющему процедуру завершения. (0xc000010a)
[0916/230652.650:ERROR:process_info.cc(118)] ReadProcessMemory bool __cdecl crashpad::(anonymous namespace)::ReadStruct(HANDLE, crashpad::WinVMAddress, T *) [T = crashpad::process_types::PEB<crashpad::process_types::internal::Traits64>]: Запрос ReadProcessMemory или WriteProcessMemory был выполнен только частично. (0x12B)
[0916/230652.650:ERROR:process_info.cc(551)] ReadProcessData failed
[0916/230652.649:ERROR:scoped_process_suspend.cc(31)] NtSuspendProcess: Попытка доступа к процессу, выполняющему процедуру завершения. (0xc000010a)
[0916/230652.650:ERROR:process_info.cc(118)] ReadProcessMemory bool __cdecl crashpad::(anonymous namespace)::ReadStruct(HANDLE, crashpad::WinVMAddress, T *) [T = crashpad::process_types::PEB<crashpad::process_types::internal::Traits64>]: Запрос ReadProcessMemory или WriteProcessMemory был выполнен только частично. (0x12B)
[0916/230652.651:ERROR:process_info.cc(551)] ReadProcessData failed
[0916/230747.196:ERROR:process_reader_win.cc(123)] NtOpenThread: {Отказ доступа} Процесс запросил доступ к объекту, однако права доступа не предоставлены. (0xc0000022)
[0916/230747.196:ERROR:exception_snapshot_win.cc(99)] thread ID 3836 not found in process
[0916/230747.254:ERROR:process_reader_win.cc(123)] NtOpenThread: {Отказ доступа} Процесс запросил доступ к объекту, однако права доступа не предоставлены. (0xc0000022)
[0916/230747.254:ERROR:exception_snapshot_win.cc(99)] thread ID 10096 not found in process
[0916/230747.259:ERROR:process_info.cc(329)] VirtualQueryEx: Отказано в доступе. (0x5)
[0916/230747.259:ERROR:process_info.cc(556)] ReadMemoryInfo failed
[0916/230747.259:ERROR:process_memory_win.cc(39)] Failed to initialize ProcessInfo.
[0916/230747.260:ERROR:scoped_process_suspend.cc(40)] NtResumeProcess: Попытка доступа к процессу, выполняющему процедуру завершения. (0xc000010a)
